<?xml version="1.0" encoding="UTF-8"?>
<!-- Generated by org.testng.reporters.JUnitXMLReporter -->
<testsuite ignored="0" hostname="DESKTOP-2BTOE40" failures="0" tests="3" name="Default test" time="5.637" errors="0" timestamp="2022-09-09T15:10:52 EET">
  <testcase classname="files.DynamicJson" name="addBook" time="3.756"/>
  <testcase classname="files.DynamicJson" name="addBook" time="0.917"/>
  <testcase classname="files.DynamicJson" name="addBook" time="0.908"/>
</testsuite> <!-- Default test -->
