<?xml version="1.0" encoding="UTF-8"?>
<testng-results ignored="0" total="3" passed="3" failed="0" skipped="0">
  <reporter-output>
  </reporter-output>
  <suite started-at="2022-09-09T15:10:47 EET" name="Default suite" finished-at="2022-09-09T15:10:52 EET" duration-ms="5637">
    <groups>
    </groups>
    <test started-at="2022-09-09T15:10:47 EET" name="Default test" finished-at="2022-09-09T15:10:52 EET" duration-ms="5637">
      <class name="files.DynamicJson">
        <test-method signature="addBook(java.lang.String,java.lang.String)[pri:0, instance:files.DynamicJson@10959ece]" started-at="2022-09-09T15:10:47 EET" name="addBook" data-provider="book data" finished-at="2022-09-09T15:10:51 EET" duration-ms="3756" status="PASS">
          <params>
            <param index="0">
              <value>
                <![CDATA[abc]]>
              </value>
            </param>
            <param index="1">
              <value>
                <![CDATA[550]]>
              </value>
            </param>
          </params>
          <reporter-output>
          </reporter-output>
        </test-method> <!-- addBook -->
        <test-method signature="addBook(java.lang.String,java.lang.String)[pri:0, instance:files.DynamicJson@10959ece]" started-at="2022-09-09T15:10:51 EET" name="addBook" data-provider="book data" finished-at="2022-09-09T15:10:51 EET" duration-ms="917" status="PASS">
          <params>
            <param index="0">
              <value>
                <![CDATA[def]]>
              </value>
            </param>
            <param index="1">
              <value>
                <![CDATA[350]]>
              </value>
            </param>
          </params>
          <reporter-output>
          </reporter-output>
        </test-method> <!-- addBook -->
        <test-method signature="addBook(java.lang.String,java.lang.String)[pri:0, instance:files.DynamicJson@10959ece]" started-at="2022-09-09T15:10:51 EET" name="addBook" data-provider="book data" finished-at="2022-09-09T15:10:52 EET" duration-ms="908" status="PASS">
          <params>
            <param index="0">
              <value>
                <![CDATA[ghi]]>
              </value>
            </param>
            <param index="1">
              <value>
                <![CDATA[22]]>
              </value>
            </param>
          </params>
          <reporter-output>
          </reporter-output>
        </test-method> <!-- addBook -->
      </class> <!-- files.DynamicJson -->
    </test> <!-- Default test -->
  </suite> <!-- Default suite -->
</testng-results>
